<?xml version="1.0" encoding="UTF-8"?>
<coverage generated="1531894717224" clover="3.2.0">
  <project timestamp="1531894717224" name="All files">
    <metrics statements="100" coveredstatements="84" conditionals="87" coveredconditionals="61" methods="35" coveredmethods="26" elements="222" coveredelements="171" complexity="0" loc="100" ncloc="100" packages="4" files="20" classes="20">
      <package name="src">
        <metrics statements="28" coveredstatements="27" conditionals="20" coveredconditionals="13" methods="7" coveredmethods="7"/>
        <file name="Factory.js" path="/home/mpasierbski/Work/vue-forminator/src/Factory.js">
          <metrics statements="28" coveredstatements="27" conditionals="20" coveredconditionals="13" methods="7" coveredmethods="7"/>
          <line num="16" count="5" type="stmt"/>
          <line num="30" count="1" type="stmt"/>
          <line num="32" count="1" type="stmt"/>
          <line num="35" count="4" type="stmt"/>
          <line num="55" count="5" type="stmt"/>
          <line num="56" count="5" type="stmt"/>
          <line num="57" count="5" type="stmt"/>
          <line num="58" count="5" type="stmt"/>
          <line num="65" count="15" type="cond" truecount="1" falsecount="1"/>
          <line num="67" count="15" type="stmt"/>
          <line num="68" count="15" type="cond" truecount="0" falsecount="1"/>
          <line num="70" count="15" type="stmt"/>
          <line num="72" count="15" type="cond" truecount="2" falsecount="0"/>
          <line num="73" count="2" type="stmt"/>
          <line num="74" count="4" type="stmt"/>
          <line num="80" count="13" type="cond" truecount="1" falsecount="1"/>
          <line num="81" count="0" type="stmt"/>
          <line num="86" count="13" type="cond" truecount="2" falsecount="0"/>
          <line num="87" count="3" type="stmt"/>
          <line num="90" count="6" type="stmt"/>
          <line num="98" count="10" type="cond" truecount="2" falsecount="0"/>
          <line num="99" count="10" type="cond" truecount="1" falsecount="1"/>
          <line num="100" count="10" type="stmt"/>
          <line num="106" count="5" type="stmt"/>
          <line num="110" count="5" type="stmt"/>
          <line num="111" count="5" type="stmt"/>
          <line num="113" count="5" type="stmt"/>
          <line num="114" count="5" type="stmt"/>
        </file>
      </package>
      <package name="src.components">
        <metrics statements="11" coveredstatements="11" conditionals="12" coveredconditionals="11" methods="4" coveredmethods="4"/>
        <file name="Column.js" path="/home/mpasierbski/Work/vue-forminator/src/components/Column.js">
          <metrics statements="4" coveredstatements="4" conditionals="5" coveredconditionals="4" methods="2" coveredmethods="2"/>
          <line num="5" count="4" type="stmt"/>
          <line num="8" count="10" type="cond" truecount="0" falsecount="1"/>
          <line num="9" count="10" type="cond" truecount="2" falsecount="0"/>
          <line num="11" count="10" type="stmt"/>
        </file>
        <file name="Label.js" path="/home/mpasierbski/Work/vue-forminator/src/components/Label.js">
          <metrics statements="3" coveredstatements="3" conditionals="3" coveredconditionals="3" methods="0" coveredmethods="0"/>
          <line num="10" count="3" type="stmt"/>
          <line num="11" count="3" type="cond" truecount="3" falsecount="0"/>
          <line num="13" count="3" type="stmt"/>
        </file>
        <file name="Row.js" path="/home/mpasierbski/Work/vue-forminator/src/components/Row.js">
          <metrics statements="4" coveredstatements="4" conditionals="4" coveredconditionals="4" methods="2" coveredmethods="2"/>
          <line num="5" count="2" type="stmt"/>
          <line num="8" count="5" type="stmt"/>
          <line num="9" count="5" type="cond" truecount="2" falsecount="0"/>
          <line num="11" count="5" type="stmt"/>
        </file>
      </package>
      <package name="src.components.helpers">
        <metrics statements="26" coveredstatements="16" conditionals="13" coveredconditionals="10" methods="13" coveredmethods="8"/>
        <file name="CheckboxGroup.js" path="/home/mpasierbski/Work/vue-forminator/src/components/helpers/CheckboxGroup.js">
          <metrics statements="4" coveredstatements="1" conditionals="0" coveredconditionals="0" methods="3" coveredmethods="1"/>
          <line num="4" count="5" type="stmt"/>
          <line num="10" count="0" type="stmt"/>
          <line num="12" count="0" type="stmt"/>
          <line num="13" count="0" type="stmt"/>
        </file>
        <file name="Field.js" path="/home/mpasierbski/Work/vue-forminator/src/components/helpers/Field.js">
          <metrics statements="2" coveredstatements="2" conditionals="0" coveredconditionals="0" methods="2" coveredmethods="2"/>
          <line num="4" count="11" type="stmt"/>
          <line num="7" count="11" type="stmt"/>
        </file>
        <file name="Fieldset.js" path="/home/mpasierbski/Work/vue-forminator/src/components/helpers/Fieldset.js">
          <metrics statements="5" coveredstatements="4" conditionals="1" coveredconditionals="1" methods="2" coveredmethods="1"/>
          <line num="2" count="1" type="stmt"/>
          <line num="5" count="4" type="stmt"/>
          <line num="6" count="4" type="cond" truecount="1" falsecount="0"/>
          <line num="8" count="4" type="stmt"/>
          <line num="15" count="0" type="stmt"/>
        </file>
        <file name="InputType.js" path="/home/mpasierbski/Work/vue-forminator/src/components/helpers/InputType.js">
          <metrics statements="5" coveredstatements="5" conditionals="7" coveredconditionals="7" methods="2" coveredmethods="1"/>
          <line num="4" count="6" type="stmt"/>
          <line num="7" count="19" type="stmt"/>
          <line num="8" count="19" type="cond" truecount="2" falsecount="0"/>
          <line num="9" count="19" type="cond" truecount="2" falsecount="0"/>
          <line num="11" count="19" type="stmt"/>
        </file>
        <file name="LabelBefore.js" path="/home/mpasierbski/Work/vue-forminator/src/components/helpers/LabelBefore.js">
          <metrics statements="2" coveredstatements="2" conditionals="2" coveredconditionals="2" methods="1" coveredmethods="1"/>
          <line num="4" count="36" type="stmt"/>
          <line num="7" count="12" type="stmt"/>
        </file>
        <file name="LabelWrap.js" path="/home/mpasierbski/Work/vue-forminator/src/components/helpers/LabelWrap.js">
          <metrics statements="4" coveredstatements="1" conditionals="3" coveredconditionals="0" methods="1" coveredmethods="1"/>
          <line num="2" count="25" type="stmt"/>
          <line num="5" count="0" type="stmt"/>
          <line num="6" count="0" type="cond" truecount="0" falsecount="1"/>
          <line num="8" count="0" type="stmt"/>
        </file>
        <file name="RadioGroup.js" path="/home/mpasierbski/Work/vue-forminator/src/components/helpers/RadioGroup.js">
          <metrics statements="4" coveredstatements="1" conditionals="0" coveredconditionals="0" methods="2" coveredmethods="1"/>
          <line num="4" count="5" type="stmt"/>
          <line num="7" count="0" type="stmt"/>
          <line num="9" count="0" type="stmt"/>
          <line num="10" count="0" type="stmt"/>
        </file>
        <file name="index.js" path="/home/mpasierbski/Work/vue-forminator/src/components/helpers/index.js">
          <metrics statements="0" coveredstatements="0" conditionals="0" coveredconditionals="0" methods="0" coveredmethods="0"/>
        </file>
      </package>
      <package name="src.components.inputs">
        <metrics statements="35" coveredstatements="30" conditionals="42" coveredconditionals="27" methods="11" coveredmethods="7"/>
        <file name="Checkbox.js" path="/home/mpasierbski/Work/vue-forminator/src/components/inputs/Checkbox.js">
          <metrics statements="12" coveredstatements="9" conditionals="20" coveredconditionals="9" methods="2" coveredmethods="2"/>
          <line num="3" count="2" type="stmt"/>
          <line num="6" count="4" type="stmt"/>
          <line num="7" count="4" type="cond" truecount="2" falsecount="0"/>
          <line num="8" count="4" type="stmt"/>
          <line num="9" count="4" type="cond" truecount="1" falsecount="1"/>
          <line num="10" count="4" type="stmt"/>
          <line num="11" count="1" type="cond" truecount="1" falsecount="1"/>
          <line num="12" count="0" type="stmt"/>
          <line num="14" count="0" type="cond" truecount="0" falsecount="4"/>
          <line num="15" count="0" type="cond" truecount="0" falsecount="4"/>
          <line num="17" count="1" type="cond" truecount="1" falsecount="1"/>
          <line num="21" count="4" type="stmt"/>
        </file>
        <file name="Email.js" path="/home/mpasierbski/Work/vue-forminator/src/components/inputs/Email.js">
          <metrics statements="0" coveredstatements="0" conditionals="0" coveredconditionals="0" methods="0" coveredmethods="0"/>
        </file>
        <file name="NumberInput.js" path="/home/mpasierbski/Work/vue-forminator/src/components/inputs/NumberInput.js">
          <metrics statements="0" coveredstatements="0" conditionals="0" coveredconditionals="0" methods="0" coveredmethods="0"/>
        </file>
        <file name="Radio.js" path="/home/mpasierbski/Work/vue-forminator/src/components/inputs/Radio.js">
          <metrics statements="6" coveredstatements="6" conditionals="7" coveredconditionals="6" methods="2" coveredmethods="2"/>
          <line num="6" count="3" type="stmt"/>
          <line num="7" count="3" type="stmt"/>
          <line num="8" count="3" type="cond" truecount="1" falsecount="0"/>
          <line num="9" count="3" type="stmt"/>
          <line num="10" count="2" type="cond" truecount="2" falsecount="0"/>
          <line num="13" count="3" type="stmt"/>
        </file>
        <file name="Select.js" path="/home/mpasierbski/Work/vue-forminator/src/components/inputs/Select.js">
          <metrics statements="12" coveredstatements="10" conditionals="8" coveredconditionals="6" methods="6" coveredmethods="3"/>
          <line num="3" count="2" type="stmt"/>
          <line num="4" count="0" type="stmt"/>
          <line num="9" count="0" type="stmt"/>
          <line num="13" count="2" type="stmt"/>
          <line num="14" count="8" type="stmt"/>
          <line num="22" count="2" type="stmt"/>
          <line num="25" count="4" type="stmt"/>
          <line num="26" count="4" type="cond" truecount="2" falsecount="0"/>
          <line num="27" count="4" type="stmt"/>
          <line num="28" count="4" type="stmt"/>
          <line num="30" count="4" type="stmt"/>
          <line num="37" count="8" type="cond" truecount="1" falsecount="1"/>
        </file>
        <file name="Text.js" path="/home/mpasierbski/Work/vue-forminator/src/components/inputs/Text.js">
          <metrics statements="0" coveredstatements="0" conditionals="0" coveredconditionals="0" methods="0" coveredmethods="0"/>
        </file>
        <file name="Textarea.js" path="/home/mpasierbski/Work/vue-forminator/src/components/inputs/Textarea.js">
          <metrics statements="5" coveredstatements="5" conditionals="7" coveredconditionals="6" methods="1" coveredmethods="0"/>
          <line num="3" count="2" type="stmt"/>
          <line num="6" count="2" type="stmt"/>
          <line num="7" count="2" type="stmt"/>
          <line num="8" count="2" type="cond" truecount="2" falsecount="0"/>
          <line num="10" count="2" type="stmt"/>
        </file>
        <file name="index.js" path="/home/mpasierbski/Work/vue-forminator/src/components/inputs/index.js">
          <metrics statements="0" coveredstatements="0" conditionals="0" coveredconditionals="0" methods="0" coveredmethods="0"/>
        </file>
      </package>
    </metrics>
  </project>
</coverage>
