<?xml version="1.0" encoding="UTF-8"?>
<coverage generated="1531817634186" clover="3.2.0">
  <project timestamp="1531817634186" name="All files">
    <metrics statements="95" coveredstatements="81" conditionals="87" coveredconditionals="61" methods="34" coveredmethods="24" elements="216" coveredelements="166" complexity="0" loc="95" ncloc="95" packages="4" files="19" classes="19">
      <package name="src">
        <metrics statements="26" coveredstatements="24" conditionals="19" coveredconditionals="13" methods="7" coveredmethods="6"/>
        <file name="Factory.js" path="/Users/michalpasierbski/Work/vue-forminator/src/Factory.js">
          <metrics statements="26" coveredstatements="24" conditionals="19" coveredconditionals="13" methods="7" coveredmethods="6"/>
          <line num="9" count="4" type="stmt"/>
          <line num="19" count="0" type="stmt"/>
          <line num="23" count="1" type="stmt"/>
          <line num="25" count="1" type="stmt"/>
          <line num="47" count="4" type="stmt"/>
          <line num="48" count="4" type="stmt"/>
          <line num="49" count="4" type="stmt"/>
          <line num="50" count="4" type="stmt"/>
          <line num="57" count="12" type="cond" truecount="1" falsecount="1"/>
          <line num="59" count="12" type="stmt"/>
          <line num="61" count="12" type="cond" truecount="2" falsecount="0"/>
          <line num="62" count="1" type="stmt"/>
          <line num="63" count="2" type="stmt"/>
          <line num="69" count="11" type="cond" truecount="1" falsecount="1"/>
          <line num="70" count="0" type="stmt"/>
          <line num="75" count="11" type="cond" truecount="2" falsecount="0"/>
          <line num="76" count="3" type="stmt"/>
          <line num="79" count="6" type="stmt"/>
          <line num="87" count="8" type="cond" truecount="2" falsecount="0"/>
          <line num="88" count="8" type="cond" truecount="1" falsecount="1"/>
          <line num="89" count="8" type="stmt"/>
          <line num="95" count="4" type="stmt"/>
          <line num="99" count="4" type="stmt"/>
          <line num="100" count="4" type="stmt"/>
          <line num="102" count="4" type="stmt"/>
          <line num="103" count="4" type="stmt"/>
        </file>
      </package>
      <package name="src.components">
        <metrics statements="12" coveredstatements="12" conditionals="15" coveredconditionals="10" methods="4" coveredmethods="4"/>
        <file name="Column.js" path="/Users/michalpasierbski/Work/vue-forminator/src/components/Column.js">
          <metrics statements="4" coveredstatements="4" conditionals="5" coveredconditionals="4" methods="2" coveredmethods="2"/>
          <line num="5" count="2" type="stmt"/>
          <line num="8" count="8" type="cond" truecount="0" falsecount="1"/>
          <line num="9" count="8" type="cond" truecount="2" falsecount="0"/>
          <line num="11" count="8" type="stmt"/>
        </file>
        <file name="Label.js" path="/Users/michalpasierbski/Work/vue-forminator/src/components/Label.js">
          <metrics statements="4" coveredstatements="4" conditionals="6" coveredconditionals="2" methods="0" coveredmethods="0"/>
          <line num="6" count="1" type="stmt"/>
          <line num="7" count="1" type="stmt"/>
          <line num="8" count="1" type="stmt"/>
          <line num="13" count="1" type="stmt"/>
        </file>
        <file name="Row.js" path="/Users/michalpasierbski/Work/vue-forminator/src/components/Row.js">
          <metrics statements="4" coveredstatements="4" conditionals="4" coveredconditionals="4" methods="2" coveredmethods="2"/>
          <line num="5" count="1" type="stmt"/>
          <line num="8" count="4" type="stmt"/>
          <line num="9" count="4" type="cond" truecount="2" falsecount="0"/>
          <line num="11" count="4" type="stmt"/>
        </file>
      </package>
      <package name="src.components.helpers">
        <metrics statements="23" coveredstatements="16" conditionals="13" coveredconditionals="12" methods="12" coveredmethods="7"/>
        <file name="CheckboxGroup.js" path="/Users/michalpasierbski/Work/vue-forminator/src/components/helpers/CheckboxGroup.js">
          <metrics statements="4" coveredstatements="1" conditionals="0" coveredconditionals="0" methods="3" coveredmethods="1"/>
          <line num="4" count="4" type="stmt"/>
          <line num="10" count="0" type="stmt"/>
          <line num="12" count="0" type="stmt"/>
          <line num="13" count="0" type="stmt"/>
        </file>
        <file name="Field.js" path="/Users/michalpasierbski/Work/vue-forminator/src/components/helpers/Field.js">
          <metrics statements="2" coveredstatements="2" conditionals="0" coveredconditionals="0" methods="2" coveredmethods="2"/>
          <line num="4" count="9" type="stmt"/>
          <line num="7" count="9" type="stmt"/>
        </file>
        <file name="Fieldset.js" path="/Users/michalpasierbski/Work/vue-forminator/src/components/helpers/Fieldset.js">
          <metrics statements="5" coveredstatements="4" conditionals="1" coveredconditionals="1" methods="2" coveredmethods="1"/>
          <line num="2" count="1" type="stmt"/>
          <line num="5" count="4" type="stmt"/>
          <line num="6" count="4" type="cond" truecount="1" falsecount="0"/>
          <line num="8" count="4" type="stmt"/>
          <line num="15" count="0" type="stmt"/>
        </file>
        <file name="InputType.js" path="/Users/michalpasierbski/Work/vue-forminator/src/components/helpers/InputType.js">
          <metrics statements="6" coveredstatements="6" conditionals="10" coveredconditionals="9" methods="2" coveredmethods="1"/>
          <line num="4" count="6" type="stmt"/>
          <line num="7" count="17" type="stmt"/>
          <line num="8" count="17" type="cond" truecount="2" falsecount="0"/>
          <line num="9" count="17" type="cond" truecount="2" falsecount="0"/>
          <line num="10" count="17" type="cond" truecount="2" falsecount="0"/>
          <line num="12" count="17" type="stmt"/>
        </file>
        <file name="LabelBefore.js" path="/Users/michalpasierbski/Work/vue-forminator/src/components/helpers/LabelBefore.js">
          <metrics statements="2" coveredstatements="2" conditionals="2" coveredconditionals="2" methods="1" coveredmethods="1"/>
          <line num="4" count="45" type="stmt"/>
          <line num="7" count="10" type="stmt"/>
        </file>
        <file name="RadioGroup.js" path="/Users/michalpasierbski/Work/vue-forminator/src/components/helpers/RadioGroup.js">
          <metrics statements="4" coveredstatements="1" conditionals="0" coveredconditionals="0" methods="2" coveredmethods="1"/>
          <line num="4" count="4" type="stmt"/>
          <line num="7" count="0" type="stmt"/>
          <line num="9" count="0" type="stmt"/>
          <line num="10" count="0" type="stmt"/>
        </file>
        <file name="index.js" path="/Users/michalpasierbski/Work/vue-forminator/src/components/helpers/index.js">
          <metrics statements="0" coveredstatements="0" conditionals="0" coveredconditionals="0" methods="0" coveredmethods="0"/>
        </file>
      </package>
      <package name="src.components.inputs">
        <metrics statements="34" coveredstatements="29" conditionals="40" coveredconditionals="26" methods="11" coveredmethods="7"/>
        <file name="Checkbox.js" path="/Users/michalpasierbski/Work/vue-forminator/src/components/inputs/Checkbox.js">
          <metrics statements="12" coveredstatements="9" conditionals="20" coveredconditionals="9" methods="2" coveredmethods="2"/>
          <line num="3" count="2" type="stmt"/>
          <line num="6" count="4" type="stmt"/>
          <line num="7" count="4" type="cond" truecount="2" falsecount="0"/>
          <line num="8" count="4" type="stmt"/>
          <line num="9" count="4" type="cond" truecount="1" falsecount="1"/>
          <line num="10" count="4" type="stmt"/>
          <line num="11" count="1" type="cond" truecount="1" falsecount="1"/>
          <line num="12" count="0" type="stmt"/>
          <line num="14" count="0" type="cond" truecount="0" falsecount="4"/>
          <line num="15" count="0" type="cond" truecount="0" falsecount="4"/>
          <line num="17" count="1" type="cond" truecount="1" falsecount="1"/>
          <line num="21" count="4" type="stmt"/>
        </file>
        <file name="Email.js" path="/Users/michalpasierbski/Work/vue-forminator/src/components/inputs/Email.js">
          <metrics statements="0" coveredstatements="0" conditionals="0" coveredconditionals="0" methods="0" coveredmethods="0"/>
        </file>
        <file name="NumberInput.js" path="/Users/michalpasierbski/Work/vue-forminator/src/components/inputs/NumberInput.js">
          <metrics statements="0" coveredstatements="0" conditionals="0" coveredconditionals="0" methods="0" coveredmethods="0"/>
        </file>
        <file name="Radio.js" path="/Users/michalpasierbski/Work/vue-forminator/src/components/inputs/Radio.js">
          <metrics statements="5" coveredstatements="5" conditionals="4" coveredconditionals="4" methods="2" coveredmethods="2"/>
          <line num="6" count="3" type="stmt"/>
          <line num="7" count="3" type="stmt"/>
          <line num="8" count="3" type="stmt"/>
          <line num="9" count="2" type="cond" truecount="2" falsecount="0"/>
          <line num="12" count="3" type="stmt"/>
        </file>
        <file name="Select.js" path="/Users/michalpasierbski/Work/vue-forminator/src/components/inputs/Select.js">
          <metrics statements="12" coveredstatements="10" conditionals="8" coveredconditionals="6" methods="6" coveredmethods="3"/>
          <line num="3" count="2" type="stmt"/>
          <line num="4" count="0" type="stmt"/>
          <line num="9" count="0" type="stmt"/>
          <line num="13" count="2" type="stmt"/>
          <line num="14" count="8" type="stmt"/>
          <line num="22" count="2" type="stmt"/>
          <line num="25" count="4" type="stmt"/>
          <line num="26" count="4" type="cond" truecount="2" falsecount="0"/>
          <line num="27" count="4" type="stmt"/>
          <line num="28" count="4" type="stmt"/>
          <line num="30" count="4" type="stmt"/>
          <line num="40" count="8" type="cond" truecount="1" falsecount="1"/>
        </file>
        <file name="Text.js" path="/Users/michalpasierbski/Work/vue-forminator/src/components/inputs/Text.js">
          <metrics statements="0" coveredstatements="0" conditionals="0" coveredconditionals="0" methods="0" coveredmethods="0"/>
        </file>
        <file name="Textarea.js" path="/Users/michalpasierbski/Work/vue-forminator/src/components/inputs/Textarea.js">
          <metrics statements="5" coveredstatements="5" conditionals="8" coveredconditionals="7" methods="1" coveredmethods="0"/>
          <line num="3" count="2" type="stmt"/>
          <line num="6" count="2" type="stmt"/>
          <line num="7" count="2" type="stmt"/>
          <line num="8" count="2" type="cond" truecount="2" falsecount="0"/>
          <line num="10" count="2" type="stmt"/>
        </file>
        <file name="index.js" path="/Users/michalpasierbski/Work/vue-forminator/src/components/inputs/index.js">
          <metrics statements="0" coveredstatements="0" conditionals="0" coveredconditionals="0" methods="0" coveredmethods="0"/>
        </file>
      </package>
    </metrics>
  </project>
</coverage>
