{"/Users/michalpasierbski/Work/vue-forminator/src/Factory.js": {"path":"/Users/michalpasierbski/Work/vue-forminator/src/Factory.js","statementMap":{"0":{"start":{"line":9,"column":4},"end":{"line":20,"column":6}},"1":{"start":{"line":19,"column":32},"end":{"line":19,"column":36}},"2":{"start":{"line":23,"column":22},"end":{"line":23,"column":24}},"3":{"start":{"line":25,"column":21},"end":{"line":28,"column":1}},"4":{"start":{"line":47,"column":8},"end":{"line":47,"column":15}},"5":{"start":{"line":48,"column":19},"end":{"line":48,"column":65}},"6":{"start":{"line":49,"column":19},"end":{"line":49,"column":65}},"7":{"start":{"line":50,"column":19},"end":{"line":54,"column":5}},"8":{"start":{"line":57,"column":8},"end":{"line":57,"column":31}},"9":{"start":{"line":57,"column":19},"end":{"line":57,"column":31}},"10":{"start":{"line":59,"column":32},"end":{"line":59,"column":39}},"11":{"start":{"line":61,"column":8},"end":{"line":67,"column":9}},"12":{"start":{"line":62,"column":12},"end":{"line":66,"column":15}},"13":{"start":{"line":63,"column":16},"end":{"line":65,"column":18}},"14":{"start":{"line":69,"column":8},"end":{"line":73,"column":9}},"15":{"start":{"line":70,"column":12},"end":{"line":72,"column":16}},"16":{"start":{"line":75,"column":8},"end":{"line":85,"column":9}},"17":{"start":{"line":76,"column":12},"end":{"line":84,"column":16}},"18":{"start":{"line":79,"column":16},"end":{"line":83,"column":19}},"19":{"start":{"line":87,"column":22},"end":{"line":87,"column":62}},"20":{"start":{"line":88,"column":8},"end":{"line":92,"column":9}},"21":{"start":{"line":89,"column":12},"end":{"line":91,"column":16}},"22":{"start":{"line":95,"column":4},"end":{"line":106,"column":5}},"23":{"start":{"line":99,"column":30},"end":{"line":99,"column":37}},"24":{"start":{"line":100,"column":31},"end":{"line":100,"column":36}},"25":{"start":{"line":102,"column":12},"end":{"line":104,"column":16}},"26":{"start":{"line":103,"column":16},"end":{"line":103,"column":65}}},"fnMap":{"0":{"name":"defaultFields","decl":{"start":{"line":8,"column":9},"end":{"line":8,"column":22}},"loc":{"start":{"line":8,"column":75},"end":{"line":21,"column":1}},"line":8},"1":{"name":"(anonymous_1)","decl":{"start":{"line":19,"column":26},"end":{"line":19,"column":27}},"loc":{"start":{"line":19,"column":32},"end":{"line":19,"column":36}},"line":19},"2":{"name":"Factory","decl":{"start":{"line":39,"column":24},"end":{"line":39,"column":31}},"loc":{"start":{"line":39,"column":46},"end":{"line":107,"column":1}},"line":39},"3":{"name":"createField","decl":{"start":{"line":56,"column":13},"end":{"line":56,"column":24}},"loc":{"start":{"line":56,"column":55},"end":{"line":93,"column":5}},"line":56},"4":{"name":"(anonymous_4)","decl":{"start":{"line":62,"column":69},"end":{"line":62,"column":70}},"loc":{"start":{"line":63,"column":16},"end":{"line":65,"column":18}},"line":63},"5":{"name":"(anonymous_5)","decl":{"start":{"line":78,"column":32},"end":{"line":78,"column":33}},"loc":{"start":{"line":78,"column":42},"end":{"line":84,"column":13}},"line":78},"6":{"name":"(anonymous_6)","decl":{"start":{"line":102,"column":55},"end":{"line":102,"column":56}},"loc":{"start":{"line":102,"column":63},"end":{"line":104,"column":13}},"line":102}},"branchMap":{"0":{"loc":{"start":{"line":39,"column":32},"end":{"line":39,"column":44}},"type":"default-arg","locations":[{"start":{"line":39,"column":42},"end":{"line":39,"column":44}}],"line":39},"1":{"loc":{"start":{"line":41,"column":15},"end":{"line":41,"column":35}},"type":"default-arg","locations":[{"start":{"line":41,"column":30},"end":{"line":41,"column":35}}],"line":41},"2":{"loc":{"start":{"line":44,"column":16},"end":{"line":44,"column":33}},"type":"default-arg","locations":[{"start":{"line":44,"column":31},"end":{"line":44,"column":33}}],"line":44},"3":{"loc":{"start":{"line":45,"column":15},"end":{"line":45,"column":31}},"type":"default-arg","locations":[{"start":{"line":45,"column":29},"end":{"line":45,"column":31}}],"line":45},"4":{"loc":{"start":{"line":46,"column":8},"end":{"line":46,"column":30}},"type":"default-arg","locations":[{"start":{"line":46,"column":24},"end":{"line":46,"column":30}}],"line":46},"5":{"loc":{"start":{"line":53,"column":8},"end":{"line":53,"column":80}},"type":"cond-expr","locations":[{"start":{"line":53,"column":45},"end":{"line":53,"column":65}},{"start":{"line":53,"column":68},"end":{"line":53,"column":80}}],"line":53},"6":{"loc":{"start":{"line":57,"column":8},"end":{"line":57,"column":31}},"type":"if","locations":[{"start":{"line":57,"column":8},"end":{"line":57,"column":31}},{"start":{"line":57,"column":8},"end":{"line":57,"column":31}}],"line":57},"7":{"loc":{"start":{"line":61,"column":8},"end":{"line":67,"column":9}},"type":"if","locations":[{"start":{"line":61,"column":8},"end":{"line":67,"column":9}},{"start":{"line":61,"column":8},"end":{"line":67,"column":9}}],"line":61},"8":{"loc":{"start":{"line":69,"column":8},"end":{"line":73,"column":9}},"type":"if","locations":[{"start":{"line":69,"column":8},"end":{"line":73,"column":9}},{"start":{"line":69,"column":8},"end":{"line":73,"column":9}}],"line":69},"9":{"loc":{"start":{"line":75,"column":8},"end":{"line":85,"column":9}},"type":"if","locations":[{"start":{"line":75,"column":8},"end":{"line":85,"column":9}},{"start":{"line":75,"column":8},"end":{"line":85,"column":9}}],"line":75},"10":{"loc":{"start":{"line":87,"column":22},"end":{"line":87,"column":62}},"type":"binary-expr","locations":[{"start":{"line":87,"column":22},"end":{"line":87,"column":37}},{"start":{"line":87,"column":41},"end":{"line":87,"column":62}}],"line":87},"11":{"loc":{"start":{"line":88,"column":8},"end":{"line":92,"column":9}},"type":"if","locations":[{"start":{"line":88,"column":8},"end":{"line":92,"column":9}},{"start":{"line":88,"column":8},"end":{"line":92,"column":9}}],"line":88}},"s":{"0":4,"1":0,"2":1,"3":1,"4":4,"5":4,"6":4,"7":4,"8":12,"9":0,"10":12,"11":12,"12":1,"13":2,"14":11,"15":0,"16":11,"17":3,"18":6,"19":8,"20":8,"21":8,"22":4,"23":4,"24":4,"25":4,"26":4},"f":{"0":4,"1":0,"2":4,"3":12,"4":2,"5":6,"6":4},"b":{"0":[0],"1":[4],"2":[0],"3":[4],"4":[4],"5":[0,4],"6":[0,12],"7":[1,11],"8":[0,11],"9":[3,8],"10":[8,8],"11":[8,0]},"_coverageSchema":"332fd63041d2c1bcb487cc26dd0d5f7d97098a6c","hash":"15d8cc82b8c88eb12ef3efaec9c369e6e8458ff8"}
,"/Users/michalpasierbski/Work/vue-forminator/src/components/Column.js": {"path":"/Users/michalpasierbski/Work/vue-forminator/src/components/Column.js","statementMap":{"0":{"start":{"line":5,"column":47},"end":{"line":5,"column":49}},"1":{"start":{"line":8,"column":39},"end":{"line":8,"column":44}},"2":{"start":{"line":9,"column":22},"end":{"line":9,"column":39}},"3":{"start":{"line":11,"column":8},"end":{"line":16,"column":28}}},"fnMap":{"0":{"name":"(anonymous_0)","decl":{"start":{"line":5,"column":40},"end":{"line":5,"column":41}},"loc":{"start":{"line":5,"column":47},"end":{"line":5,"column":49}},"line":5},"1":{"name":"(anonymous_1)","decl":{"start":{"line":7,"column":12},"end":{"line":7,"column":13}},"loc":{"start":{"line":7,"column":37},"end":{"line":17,"column":5}},"line":7}},"branchMap":{"0":{"loc":{"start":{"line":8,"column":24},"end":{"line":8,"column":34}},"type":"default-arg","locations":[{"start":{"line":8,"column":32},"end":{"line":8,"column":34}}],"line":8},"1":{"loc":{"start":{"line":9,"column":22},"end":{"line":9,"column":39}},"type":"binary-expr","locations":[{"start":{"line":9,"column":22},"end":{"line":9,"column":33}},{"start":{"line":9,"column":37},"end":{"line":9,"column":39}}],"line":9},"2":{"loc":{"start":{"line":14,"column":16},"end":{"line":14,"column":33}},"type":"binary-expr","locations":[{"start":{"line":14,"column":16},"end":{"line":14,"column":27}},{"start":{"line":14,"column":31},"end":{"line":14,"column":33}}],"line":14}},"s":{"0":2,"1":8,"2":8,"3":8},"f":{"0":2,"1":8},"b":{"0":[0],"1":[8,6],"2":[8,6]},"_coverageSchema":"332fd63041d2c1bcb487cc26dd0d5f7d97098a6c","hash":"ecdd65d0295fe3a577a0305bf122d7628dcaef20"}
,"/Users/michalpasierbski/Work/vue-forminator/src/components/Label.js": {"path":"/Users/michalpasierbski/Work/vue-forminator/src/components/Label.js","statementMap":{"0":{"start":{"line":6,"column":34},"end":{"line":6,"column":39}},"1":{"start":{"line":7,"column":32},"end":{"line":7,"column":54}},"2":{"start":{"line":8,"column":26},"end":{"line":11,"column":20}},"3":{"start":{"line":13,"column":8},"end":{"line":19,"column":11}}},"fnMap":{},"branchMap":{"0":{"loc":{"start":{"line":16,"column":12},"end":{"line":16,"column":53}},"type":"binary-expr","locations":[{"start":{"line":16,"column":12},"end":{"line":16,"column":26}},{"start":{"line":16,"column":30},"end":{"line":16,"column":45}},{"start":{"line":16,"column":49},"end":{"line":16,"column":53}}],"line":16},"1":{"loc":{"start":{"line":18,"column":12},"end":{"line":18,"column":54}},"type":"binary-expr","locations":[{"start":{"line":18,"column":12},"end":{"line":18,"column":26}},{"start":{"line":18,"column":30},"end":{"line":18,"column":46}},{"start":{"line":18,"column":50},"end":{"line":18,"column":54}}],"line":18}},"s":{"0":1,"1":1,"2":1,"3":1},"f":{},"b":{"0":[1,0,0],"1":[1,0,0]},"_coverageSchema":"332fd63041d2c1bcb487cc26dd0d5f7d97098a6c","hash":"d8df3e1ec3510e0dcc0d7a58cc4fbb7a9bb47ccc"}
,"/Users/michalpasierbski/Work/vue-forminator/src/components/Row.js": {"path":"/Users/michalpasierbski/Work/vue-forminator/src/components/Row.js","statementMap":{"0":{"start":{"line":5,"column":47},"end":{"line":5,"column":49}},"1":{"start":{"line":8,"column":34},"end":{"line":8,"column":39}},"2":{"start":{"line":9,"column":23},"end":{"line":9,"column":40}},"3":{"start":{"line":11,"column":8},"end":{"line":16,"column":28}}},"fnMap":{"0":{"name":"(anonymous_0)","decl":{"start":{"line":5,"column":40},"end":{"line":5,"column":41}},"loc":{"start":{"line":5,"column":47},"end":{"line":5,"column":49}},"line":5},"1":{"name":"(anonymous_1)","decl":{"start":{"line":7,"column":12},"end":{"line":7,"column":13}},"loc":{"start":{"line":7,"column":37},"end":{"line":17,"column":5}},"line":7}},"branchMap":{"0":{"loc":{"start":{"line":9,"column":23},"end":{"line":9,"column":40}},"type":"binary-expr","locations":[{"start":{"line":9,"column":23},"end":{"line":9,"column":34}},{"start":{"line":9,"column":38},"end":{"line":9,"column":40}}],"line":9},"1":{"loc":{"start":{"line":14,"column":16},"end":{"line":14,"column":33}},"type":"binary-expr","locations":[{"start":{"line":14,"column":16},"end":{"line":14,"column":27}},{"start":{"line":14,"column":31},"end":{"line":14,"column":33}}],"line":14}},"s":{"0":1,"1":4,"2":4,"3":4},"f":{"0":1,"1":4},"b":{"0":[4,3],"1":[4,3]},"_coverageSchema":"332fd63041d2c1bcb487cc26dd0d5f7d97098a6c","hash":"361a467f1821fc8babf0570db858a4c1ac0bbfd9"}
,"/Users/michalpasierbski/Work/vue-forminator/src/components/helpers/CheckboxGroup.js": {"path":"/Users/michalpasierbski/Work/vue-forminator/src/components/helpers/CheckboxGroup.js","statementMap":{"0":{"start":{"line":4,"column":4},"end":{"line":20,"column":5}},"1":{"start":{"line":10,"column":30},"end":{"line":10,"column":35}},"2":{"start":{"line":12,"column":12},"end":{"line":18,"column":16}},"3":{"start":{"line":13,"column":16},"end":{"line":17,"column":20}}},"fnMap":{"0":{"name":"CheckboxGroup","decl":{"start":{"line":3,"column":9},"end":{"line":3,"column":22}},"loc":{"start":{"line":3,"column":33},"end":{"line":21,"column":1}},"line":3},"1":{"name":"(anonymous_1)","decl":{"start":{"line":9,"column":16},"end":{"line":9,"column":17}},"loc":{"start":{"line":9,"column":40},"end":{"line":19,"column":9}},"line":9},"2":{"name":"(anonymous_2)","decl":{"start":{"line":12,"column":50},"end":{"line":12,"column":51}},"loc":{"start":{"line":12,"column":60},"end":{"line":18,"column":13}},"line":12}},"branchMap":{},"s":{"0":4,"1":0,"2":0,"3":0},"f":{"0":4,"1":0,"2":0},"b":{},"_coverageSchema":"332fd63041d2c1bcb487cc26dd0d5f7d97098a6c","hash":"fb2cda74ca1ff84e81badb3528a25ce8e58b578b"}
,"/Users/michalpasierbski/Work/vue-forminator/src/components/helpers/Field.js": {"path":"/Users/michalpasierbski/Work/vue-forminator/src/components/helpers/Field.js","statementMap":{"0":{"start":{"line":4,"column":4},"end":{"line":15,"column":6}},"1":{"start":{"line":7,"column":12},"end":{"line":13,"column":14}}},"fnMap":{"0":{"name":"Field","decl":{"start":{"line":3,"column":24},"end":{"line":3,"column":29}},"loc":{"start":{"line":3,"column":48},"end":{"line":16,"column":1}},"line":3},"1":{"name":"(anonymous_1)","decl":{"start":{"line":6,"column":16},"end":{"line":6,"column":17}},"loc":{"start":{"line":6,"column":40},"end":{"line":14,"column":9}},"line":6}},"branchMap":{},"s":{"0":9,"1":9},"f":{"0":9,"1":9},"b":{},"_coverageSchema":"332fd63041d2c1bcb487cc26dd0d5f7d97098a6c","hash":"0c88928a5ee42642ba91c7ea229c62901d874543"}
,"/Users/michalpasierbski/Work/vue-forminator/src/components/helpers/Fieldset.js": {"path":"/Users/michalpasierbski/Work/vue-forminator/src/components/helpers/Fieldset.js","statementMap":{"0":{"start":{"line":2,"column":4},"end":{"line":19,"column":5}},"1":{"start":{"line":5,"column":30},"end":{"line":5,"column":33}},"2":{"start":{"line":6,"column":36},"end":{"line":6,"column":41}},"3":{"start":{"line":8,"column":12},"end":{"line":17,"column":15}},"4":{"start":{"line":15,"column":20},"end":{"line":15,"column":46}}},"fnMap":{"0":{"name":"Fieldset","decl":{"start":{"line":1,"column":24},"end":{"line":1,"column":32}},"loc":{"start":{"line":1,"column":65},"end":{"line":20,"column":1}},"line":1},"1":{"name":"(anonymous_1)","decl":{"start":{"line":14,"column":30},"end":{"line":14,"column":31}},"loc":{"start":{"line":15,"column":20},"end":{"line":15,"column":46}},"line":15}},"branchMap":{"0":{"loc":{"start":{"line":6,"column":20},"end":{"line":6,"column":31}},"type":"default-arg","locations":[{"start":{"line":6,"column":29},"end":{"line":6,"column":31}}],"line":6}},"s":{"0":1,"1":4,"2":4,"3":4,"4":0},"f":{"0":1,"1":0},"b":{"0":[2]},"_coverageSchema":"332fd63041d2c1bcb487cc26dd0d5f7d97098a6c","hash":"d16effa88c774ebefdad017efe0f09c667ad474c"}
,"/Users/michalpasierbski/Work/vue-forminator/src/components/helpers/InputType.js": {"path":"/Users/michalpasierbski/Work/vue-forminator/src/components/helpers/InputType.js","statementMap":{"0":{"start":{"line":4,"column":4},"end":{"line":26,"column":5}},"1":{"start":{"line":7,"column":45},"end":{"line":7,"column":50}},"2":{"start":{"line":8,"column":29},"end":{"line":8,"column":77}},"3":{"start":{"line":9,"column":29},"end":{"line":9,"column":88}},"4":{"start":{"line":9,"column":53},"end":{"line":9,"column":87}},"5":{"start":{"line":10,"column":26},"end":{"line":10,"column":43}},"6":{"start":{"line":12,"column":12},"end":{"line":24,"column":16}}},"fnMap":{"0":{"name":"InputType","decl":{"start":{"line":3,"column":24},"end":{"line":3,"column":33}},"loc":{"start":{"line":3,"column":40},"end":{"line":27,"column":1}},"line":3},"1":{"name":"(anonymous_1)","decl":{"start":{"line":9,"column":46},"end":{"line":9,"column":47}},"loc":{"start":{"line":9,"column":53},"end":{"line":9,"column":87}},"line":9}},"branchMap":{"0":{"loc":{"start":{"line":8,"column":29},"end":{"line":8,"column":77}},"type":"binary-expr","locations":[{"start":{"line":8,"column":29},"end":{"line":8,"column":56}},{"start":{"line":8,"column":60},"end":{"line":8,"column":77}}],"line":8},"1":{"loc":{"start":{"line":9,"column":29},"end":{"line":9,"column":88}},"type":"binary-expr","locations":[{"start":{"line":9,"column":29},"end":{"line":9,"column":41}},{"start":{"line":9,"column":46},"end":{"line":9,"column":87}}],"line":9},"2":{"loc":{"start":{"line":10,"column":26},"end":{"line":10,"column":43}},"type":"binary-expr","locations":[{"start":{"line":10,"column":26},"end":{"line":10,"column":37}},{"start":{"line":10,"column":41},"end":{"line":10,"column":43}}],"line":10},"3":{"loc":{"start":{"line":15,"column":20},"end":{"line":15,"column":37}},"type":"binary-expr","locations":[{"start":{"line":15,"column":20},"end":{"line":15,"column":31}},{"start":{"line":15,"column":35},"end":{"line":15,"column":37}}],"line":15},"4":{"loc":{"start":{"line":17,"column":41},"end":{"line":17,"column":52}},"type":"binary-expr","locations":[{"start":{"line":17,"column":41},"end":{"line":17,"column":46}},{"start":{"line":17,"column":50},"end":{"line":17,"column":52}}],"line":17}},"s":{"0":6,"1":17,"2":17,"3":17,"4":0,"5":17,"6":17},"f":{"0":6,"1":0},"b":{"0":[17,11],"1":[17,17],"2":[17,14],"3":[17,14],"4":[17,0]},"_coverageSchema":"332fd63041d2c1bcb487cc26dd0d5f7d97098a6c","hash":"68fa62f5eb14274b0e30a6d6636c3ddb9af53aa3"}
,"/Users/michalpasierbski/Work/vue-forminator/src/components/helpers/LabelBefore.js": {"path":"/Users/michalpasierbski/Work/vue-forminator/src/components/helpers/LabelBefore.js","statementMap":{"0":{"start":{"line":4,"column":4},"end":{"line":12,"column":5}},"1":{"start":{"line":7,"column":12},"end":{"line":10,"column":14}}},"fnMap":{"0":{"name":"LabelBefore","decl":{"start":{"line":3,"column":24},"end":{"line":3,"column":35}},"loc":{"start":{"line":3,"column":47},"end":{"line":13,"column":1}},"line":3}},"branchMap":{"0":{"loc":{"start":{"line":8,"column":16},"end":{"line":8,"column":70}},"type":"binary-expr","locations":[{"start":{"line":8,"column":16},"end":{"line":8,"column":33}},{"start":{"line":8,"column":37},"end":{"line":8,"column":70}}],"line":8}},"s":{"0":45,"1":10},"f":{"0":45},"b":{"0":[10,1]},"_coverageSchema":"332fd63041d2c1bcb487cc26dd0d5f7d97098a6c","hash":"c889d1af2bc8a0fe5748318fd5ab9b1e32130c3e"}
,"/Users/michalpasierbski/Work/vue-forminator/src/components/helpers/RadioGroup.js": {"path":"/Users/michalpasierbski/Work/vue-forminator/src/components/helpers/RadioGroup.js","statementMap":{"0":{"start":{"line":4,"column":4},"end":{"line":19,"column":5}},"1":{"start":{"line":7,"column":45},"end":{"line":7,"column":50}},"2":{"start":{"line":9,"column":12},"end":{"line":17,"column":15}},"3":{"start":{"line":10,"column":16},"end":{"line":16,"column":19}}},"fnMap":{"0":{"name":"RadioGroup","decl":{"start":{"line":3,"column":24},"end":{"line":3,"column":34}},"loc":{"start":{"line":3,"column":42},"end":{"line":20,"column":1}},"line":3},"1":{"name":"(anonymous_1)","decl":{"start":{"line":9,"column":50},"end":{"line":9,"column":51}},"loc":{"start":{"line":10,"column":16},"end":{"line":16,"column":19}},"line":10}},"branchMap":{},"s":{"0":4,"1":0,"2":0,"3":0},"f":{"0":4,"1":0},"b":{},"_coverageSchema":"332fd63041d2c1bcb487cc26dd0d5f7d97098a6c","hash":"ae0fca3624df640202ffe4d348095e8399bee4b5"}
,"/Users/michalpasierbski/Work/vue-forminator/src/components/helpers/index.js": {"path":"/Users/michalpasierbski/Work/vue-forminator/src/components/helpers/index.js","statementMap":{},"fnMap":{},"branchMap":{},"s":{},"f":{},"b":{},"_coverageSchema":"332fd63041d2c1bcb487cc26dd0d5f7d97098a6c","hash":"10454e2d9e4e98cc1afb011728ad9bb15e478da3"}
,"/Users/michalpasierbski/Work/vue-forminator/src/components/inputs/Checkbox.js": {"path":"/Users/michalpasierbski/Work/vue-forminator/src/components/inputs/Checkbox.js","statementMap":{"0":{"start":{"line":3,"column":17},"end":{"line":37,"column":1}},"1":{"start":{"line":6,"column":41},"end":{"line":6,"column":46}},"2":{"start":{"line":7,"column":22},"end":{"line":7,"column":39}},"3":{"start":{"line":8,"column":24},"end":{"line":8,"column":56}},"4":{"start":{"line":9,"column":24},"end":{"line":9,"column":99}},"5":{"start":{"line":10,"column":25},"end":{"line":19,"column":9}},"6":{"start":{"line":11,"column":12},"end":{"line":18,"column":13}},"7":{"start":{"line":12,"column":30},"end":{"line":12,"column":68}},"8":{"start":{"line":14,"column":16},"end":{"line":14,"column":90}},"9":{"start":{"line":14,"column":54},"end":{"line":14,"column":90}},"10":{"start":{"line":15,"column":16},"end":{"line":15,"column":90}},"11":{"start":{"line":15,"column":55},"end":{"line":15,"column":90}},"12":{"start":{"line":17,"column":16},"end":{"line":17,"column":63}},"13":{"start":{"line":21,"column":8},"end":{"line":35,"column":12}}},"fnMap":{"0":{"name":"(anonymous_0)","decl":{"start":{"line":5,"column":12},"end":{"line":5,"column":13}},"loc":{"start":{"line":5,"column":36},"end":{"line":36,"column":5}},"line":5},"1":{"name":"(anonymous_1)","decl":{"start":{"line":10,"column":25},"end":{"line":10,"column":26}},"loc":{"start":{"line":10,"column":32},"end":{"line":19,"column":9}},"line":10}},"branchMap":{"0":{"loc":{"start":{"line":7,"column":22},"end":{"line":7,"column":39}},"type":"binary-expr","locations":[{"start":{"line":7,"column":22},"end":{"line":7,"column":33}},{"start":{"line":7,"column":37},"end":{"line":7,"column":39}}],"line":7},"1":{"loc":{"start":{"line":9,"column":24},"end":{"line":9,"column":99}},"type":"cond-expr","locations":[{"start":{"line":9,"column":34},"end":{"line":9,"column":79}},{"start":{"line":9,"column":82},"end":{"line":9,"column":99}}],"line":9},"2":{"loc":{"start":{"line":11,"column":12},"end":{"line":18,"column":13}},"type":"if","locations":[{"start":{"line":11,"column":12},"end":{"line":18,"column":13}},{"start":{"line":11,"column":12},"end":{"line":18,"column":13}}],"line":11},"3":{"loc":{"start":{"line":14,"column":16},"end":{"line":14,"column":90}},"type":"if","locations":[{"start":{"line":14,"column":16},"end":{"line":14,"column":90}},{"start":{"line":14,"column":16},"end":{"line":14,"column":90}}],"line":14},"4":{"loc":{"start":{"line":14,"column":20},"end":{"line":14,"column":52}},"type":"binary-expr","locations":[{"start":{"line":14,"column":20},"end":{"line":14,"column":36}},{"start":{"line":14,"column":40},"end":{"line":14,"column":52}}],"line":14},"5":{"loc":{"start":{"line":15,"column":16},"end":{"line":15,"column":90}},"type":"if","locations":[{"start":{"line":15,"column":16},"end":{"line":15,"column":90}},{"start":{"line":15,"column":16},"end":{"line":15,"column":90}}],"line":15},"6":{"loc":{"start":{"line":15,"column":20},"end":{"line":15,"column":53}},"type":"binary-expr","locations":[{"start":{"line":15,"column":20},"end":{"line":15,"column":37}},{"start":{"line":15,"column":41},"end":{"line":15,"column":53}}],"line":15},"7":{"loc":{"start":{"line":17,"column":36},"end":{"line":17,"column":62}},"type":"binary-expr","locations":[{"start":{"line":17,"column":36},"end":{"line":17,"column":54}},{"start":{"line":17,"column":58},"end":{"line":17,"column":62}}],"line":17},"8":{"loc":{"start":{"line":24,"column":16},"end":{"line":24,"column":33}},"type":"binary-expr","locations":[{"start":{"line":24,"column":16},"end":{"line":24,"column":27}},{"start":{"line":24,"column":31},"end":{"line":24,"column":33}}],"line":24},"9":{"loc":{"start":{"line":26,"column":37},"end":{"line":26,"column":54}},"type":"binary-expr","locations":[{"start":{"line":26,"column":37},"end":{"line":26,"column":48}},{"start":{"line":26,"column":52},"end":{"line":26,"column":54}}],"line":26}},"s":{"0":2,"1":4,"2":4,"3":4,"4":4,"5":4,"6":1,"7":0,"8":0,"9":0,"10":0,"11":0,"12":1,"13":4},"f":{"0":4,"1":1},"b":{"0":[4,3],"1":[0,4],"2":[0,1],"3":[0,0],"4":[0,0],"5":[0,0],"6":[0,0],"7":[1,0],"8":[4,3],"9":[4,3]},"_coverageSchema":"332fd63041d2c1bcb487cc26dd0d5f7d97098a6c","hash":"986acf68bbbe0d8a24e8f190639b73a6931f3cee"}
,"/Users/michalpasierbski/Work/vue-forminator/src/components/inputs/Email.js": {"path":"/Users/michalpasierbski/Work/vue-forminator/src/components/inputs/Email.js","statementMap":{},"fnMap":{},"branchMap":{},"s":{},"f":{},"b":{},"_coverageSchema":"332fd63041d2c1bcb487cc26dd0d5f7d97098a6c","hash":"77a01eab7a3603de4e5ca5554a361706febccee2"}
,"/Users/michalpasierbski/Work/vue-forminator/src/components/inputs/NumberInput.js": {"path":"/Users/michalpasierbski/Work/vue-forminator/src/components/inputs/NumberInput.js","statementMap":{},"fnMap":{},"branchMap":{},"s":{},"f":{},"b":{},"_coverageSchema":"332fd63041d2c1bcb487cc26dd0d5f7d97098a6c","hash":"d8034612d17302b588ed2f0e8741831c3cc735f7"}
,"/Users/michalpasierbski/Work/vue-forminator/src/components/inputs/Radio.js": {"path":"/Users/michalpasierbski/Work/vue-forminator/src/components/inputs/Radio.js","statementMap":{"0":{"start":{"line":6,"column":33},"end":{"line":6,"column":38}},"1":{"start":{"line":7,"column":24},"end":{"line":7,"column":57}},"2":{"start":{"line":8,"column":25},"end":{"line":10,"column":9}},"3":{"start":{"line":9,"column":12},"end":{"line":9,"column":64}},"4":{"start":{"line":12,"column":8},"end":{"line":25,"column":12}}},"fnMap":{"0":{"name":"(anonymous_0)","decl":{"start":{"line":5,"column":12},"end":{"line":5,"column":13}},"loc":{"start":{"line":5,"column":36},"end":{"line":26,"column":5}},"line":5},"1":{"name":"(anonymous_1)","decl":{"start":{"line":8,"column":25},"end":{"line":8,"column":26}},"loc":{"start":{"line":8,"column":32},"end":{"line":10,"column":9}},"line":8}},"branchMap":{"0":{"loc":{"start":{"line":9,"column":32},"end":{"line":9,"column":63}},"type":"binary-expr","locations":[{"start":{"line":9,"column":32},"end":{"line":9,"column":48}},{"start":{"line":9,"column":52},"end":{"line":9,"column":63}}],"line":9},"1":{"loc":{"start":{"line":13,"column":37},"end":{"line":13,"column":54}},"type":"binary-expr","locations":[{"start":{"line":13,"column":37},"end":{"line":13,"column":48}},{"start":{"line":13,"column":52},"end":{"line":13,"column":54}}],"line":13}},"s":{"0":3,"1":3,"2":3,"3":2,"4":3},"f":{"0":3,"1":2},"b":{"0":[2,2],"1":[3,2]},"_coverageSchema":"332fd63041d2c1bcb487cc26dd0d5f7d97098a6c","hash":"170211ab9087db7a937ddf264b8a7b4980fa1637"}
,"/Users/michalpasierbski/Work/vue-forminator/src/components/inputs/Select.js": {"path":"/Users/michalpasierbski/Work/vue-forminator/src/components/inputs/Select.js","statementMap":{"0":{"start":{"line":3,"column":26},"end":{"line":11,"column":1}},"1":{"start":{"line":4,"column":4},"end":{"line":10,"column":8}},"2":{"start":{"line":9,"column":8},"end":{"line":9,"column":46}},"3":{"start":{"line":13,"column":21},"end":{"line":20,"column":1}},"4":{"start":{"line":14,"column":4},"end":{"line":19,"column":20}},"5":{"start":{"line":22,"column":15},"end":{"line":43,"column":1}},"6":{"start":{"line":25,"column":41},"end":{"line":25,"column":46}},"7":{"start":{"line":26,"column":22},"end":{"line":26,"column":39}},"8":{"start":{"line":27,"column":25},"end":{"line":27,"column":42}},"9":{"start":{"line":28,"column":25},"end":{"line":28,"column":66}},"10":{"start":{"line":28,"column":32},"end":{"line":28,"column":66}},"11":{"start":{"line":30,"column":8},"end":{"line":41,"column":12}},"12":{"start":{"line":40,"column":12},"end":{"line":40,"column":106}}},"fnMap":{"0":{"name":"(anonymous_0)","decl":{"start":{"line":3,"column":26},"end":{"line":3,"column":27}},"loc":{"start":{"line":3,"column":51},"end":{"line":11,"column":1}},"line":3},"1":{"name":"(anonymous_1)","decl":{"start":{"line":8,"column":25},"end":{"line":8,"column":26}},"loc":{"start":{"line":8,"column":32},"end":{"line":10,"column":5}},"line":8},"2":{"name":"(anonymous_2)","decl":{"start":{"line":13,"column":21},"end":{"line":13,"column":22}},"loc":{"start":{"line":13,"column":46},"end":{"line":20,"column":1}},"line":13},"3":{"name":"(anonymous_3)","decl":{"start":{"line":24,"column":12},"end":{"line":24,"column":13}},"loc":{"start":{"line":24,"column":36},"end":{"line":42,"column":5}},"line":24},"4":{"name":"(anonymous_4)","decl":{"start":{"line":28,"column":25},"end":{"line":28,"column":26}},"loc":{"start":{"line":28,"column":32},"end":{"line":28,"column":66}},"line":28},"5":{"name":"(anonymous_5)","decl":{"start":{"line":39,"column":30},"end":{"line":39,"column":31}},"loc":{"start":{"line":39,"column":40},"end":{"line":41,"column":9}},"line":39}},"branchMap":{"0":{"loc":{"start":{"line":26,"column":22},"end":{"line":26,"column":39}},"type":"binary-expr","locations":[{"start":{"line":26,"column":22},"end":{"line":26,"column":33}},{"start":{"line":26,"column":37},"end":{"line":26,"column":39}}],"line":26},"1":{"loc":{"start":{"line":33,"column":16},"end":{"line":33,"column":33}},"type":"binary-expr","locations":[{"start":{"line":33,"column":16},"end":{"line":33,"column":27}},{"start":{"line":33,"column":31},"end":{"line":33,"column":33}}],"line":33},"2":{"loc":{"start":{"line":35,"column":37},"end":{"line":35,"column":48}},"type":"binary-expr","locations":[{"start":{"line":35,"column":37},"end":{"line":35,"column":42}},{"start":{"line":35,"column":46},"end":{"line":35,"column":48}}],"line":35},"3":{"loc":{"start":{"line":40,"column":20},"end":{"line":40,"column":83}},"type":"cond-expr","locations":[{"start":{"line":40,"column":51},"end":{"line":40,"column":68}},{"start":{"line":40,"column":71},"end":{"line":40,"column":83}}],"line":40}},"s":{"0":2,"1":0,"2":0,"3":2,"4":8,"5":2,"6":4,"7":4,"8":4,"9":4,"10":0,"11":4,"12":8},"f":{"0":0,"1":0,"2":8,"3":4,"4":0,"5":8},"b":{"0":[4,3],"1":[4,3],"2":[4,0],"3":[0,8]},"_coverageSchema":"332fd63041d2c1bcb487cc26dd0d5f7d97098a6c","hash":"57402b327f74cf92599988b7a343150efb058b23"}
,"/Users/michalpasierbski/Work/vue-forminator/src/components/inputs/Text.js": {"path":"/Users/michalpasierbski/Work/vue-forminator/src/components/inputs/Text.js","statementMap":{},"fnMap":{},"branchMap":{},"s":{},"f":{},"b":{},"_coverageSchema":"332fd63041d2c1bcb487cc26dd0d5f7d97098a6c","hash":"7272f0b9b2a4207127d78ca24065c7a5e7cb774a"}
,"/Users/michalpasierbski/Work/vue-forminator/src/components/inputs/Textarea.js": {"path":"/Users/michalpasierbski/Work/vue-forminator/src/components/inputs/Textarea.js","statementMap":{"0":{"start":{"line":3,"column":18},"end":{"line":22,"column":1}},"1":{"start":{"line":6,"column":41},"end":{"line":6,"column":46}},"2":{"start":{"line":7,"column":25},"end":{"line":7,"column":64}},"3":{"start":{"line":7,"column":30},"end":{"line":7,"column":64}},"4":{"start":{"line":8,"column":22},"end":{"line":8,"column":39}},"5":{"start":{"line":10,"column":8},"end":{"line":20,"column":12}}},"fnMap":{"0":{"name":"(anonymous_0)","decl":{"start":{"line":7,"column":25},"end":{"line":7,"column":26}},"loc":{"start":{"line":7,"column":30},"end":{"line":7,"column":64}},"line":7}},"branchMap":{"0":{"loc":{"start":{"line":8,"column":22},"end":{"line":8,"column":39}},"type":"binary-expr","locations":[{"start":{"line":8,"column":22},"end":{"line":8,"column":33}},{"start":{"line":8,"column":37},"end":{"line":8,"column":39}}],"line":8},"1":{"loc":{"start":{"line":12,"column":16},"end":{"line":12,"column":57}},"type":"binary-expr","locations":[{"start":{"line":12,"column":16},"end":{"line":12,"column":36}},{"start":{"line":12,"column":40},"end":{"line":12,"column":57}}],"line":12},"2":{"loc":{"start":{"line":13,"column":16},"end":{"line":13,"column":33}},"type":"binary-expr","locations":[{"start":{"line":13,"column":16},"end":{"line":13,"column":27}},{"start":{"line":13,"column":31},"end":{"line":13,"column":33}}],"line":13},"3":{"loc":{"start":{"line":15,"column":37},"end":{"line":15,"column":48}},"type":"binary-expr","locations":[{"start":{"line":15,"column":37},"end":{"line":15,"column":42}},{"start":{"line":15,"column":46},"end":{"line":15,"column":48}}],"line":15}},"s":{"0":2,"1":2,"2":2,"3":0,"4":2,"5":2},"f":{"0":0},"b":{"0":[2,1],"1":[2,1],"2":[2,1],"3":[2,0]},"_coverageSchema":"332fd63041d2c1bcb487cc26dd0d5f7d97098a6c","hash":"a46daf71e4065a93b776b7c322b993e04d8fc10a"}
,"/Users/michalpasierbski/Work/vue-forminator/src/components/inputs/index.js": {"path":"/Users/michalpasierbski/Work/vue-forminator/src/components/inputs/index.js","statementMap":{},"fnMap":{},"branchMap":{},"s":{},"f":{},"b":{},"_coverageSchema":"332fd63041d2c1bcb487cc26dd0d5f7d97098a6c","hash":"ccd0819ecf0542f4b62cdf4ad585e03190d6e0f2"}
}
