{"/home/mpasierbski/Work/vue-forminator/src/components/helpers/InputType.js": {"path":"/home/mpasierbski/Work/vue-forminator/src/components/helpers/InputType.js","statementMap":{"0":{"start":{"line":4,"column":4},"end":{"line":22,"column":5}},"1":{"start":{"line":7,"column":45},"end":{"line":7,"column":50}},"2":{"start":{"line":8,"column":29},"end":{"line":8,"column":77}},"3":{"start":{"line":9,"column":29},"end":{"line":9,"column":88}},"4":{"start":{"line":9,"column":53},"end":{"line":9,"column":87}},"5":{"start":{"line":11,"column":12},"end":{"line":20,"column":16}}},"fnMap":{"0":{"name":"InputType","decl":{"start":{"line":3,"column":24},"end":{"line":3,"column":33}},"loc":{"start":{"line":3,"column":40},"end":{"line":23,"column":1}},"line":3},"1":{"name":"(anonymous_1)","decl":{"start":{"line":9,"column":46},"end":{"line":9,"column":47}},"loc":{"start":{"line":9,"column":53},"end":{"line":9,"column":87}},"line":9}},"branchMap":{"0":{"loc":{"start":{"line":8,"column":29},"end":{"line":8,"column":77}},"type":"binary-expr","locations":[{"start":{"line":8,"column":29},"end":{"line":8,"column":56}},{"start":{"line":8,"column":60},"end":{"line":8,"column":77}}],"line":8},"1":{"loc":{"start":{"line":9,"column":29},"end":{"line":9,"column":88}},"type":"binary-expr","locations":[{"start":{"line":9,"column":29},"end":{"line":9,"column":41}},{"start":{"line":9,"column":46},"end":{"line":9,"column":87}}],"line":9},"2":{"loc":{"start":{"line":13,"column":41},"end":{"line":13,"column":58}},"type":"binary-expr","locations":[{"start":{"line":13,"column":41},"end":{"line":13,"column":52}},{"start":{"line":13,"column":56},"end":{"line":13,"column":58}}],"line":13}},"s":{"0":3,"1":3,"2":3,"3":3,"4":0,"5":3},"f":{"0":3,"1":0},"b":{"0":[3,3],"1":[3,3],"2":[3,3]},"_coverageSchema":"332fd63041d2c1bcb487cc26dd0d5f7d97098a6c","hash":"24e6c8a178772923d4a3f4934c6198b1d42685f7"}
,"/home/mpasierbski/Work/vue-forminator/src/components/inputs/Checkbox.js": {"path":"/home/mpasierbski/Work/vue-forminator/src/components/inputs/Checkbox.js","statementMap":{"0":{"start":{"line":3,"column":17},"end":{"line":32,"column":1}},"1":{"start":{"line":6,"column":33},"end":{"line":6,"column":38}},"2":{"start":{"line":7,"column":24},"end":{"line":7,"column":56}},"3":{"start":{"line":8,"column":24},"end":{"line":8,"column":99}},"4":{"start":{"line":9,"column":25},"end":{"line":18,"column":9}},"5":{"start":{"line":10,"column":12},"end":{"line":17,"column":13}},"6":{"start":{"line":11,"column":30},"end":{"line":11,"column":68}},"7":{"start":{"line":13,"column":16},"end":{"line":13,"column":90}},"8":{"start":{"line":13,"column":54},"end":{"line":13,"column":90}},"9":{"start":{"line":14,"column":16},"end":{"line":14,"column":90}},"10":{"start":{"line":14,"column":55},"end":{"line":14,"column":90}},"11":{"start":{"line":16,"column":16},"end":{"line":16,"column":63}},"12":{"start":{"line":20,"column":8},"end":{"line":30,"column":12}}},"fnMap":{"0":{"name":"(anonymous_0)","decl":{"start":{"line":5,"column":12},"end":{"line":5,"column":13}},"loc":{"start":{"line":5,"column":36},"end":{"line":31,"column":5}},"line":5},"1":{"name":"(anonymous_1)","decl":{"start":{"line":9,"column":25},"end":{"line":9,"column":26}},"loc":{"start":{"line":9,"column":32},"end":{"line":18,"column":9}},"line":9}},"branchMap":{"0":{"loc":{"start":{"line":8,"column":24},"end":{"line":8,"column":99}},"type":"cond-expr","locations":[{"start":{"line":8,"column":34},"end":{"line":8,"column":79}},{"start":{"line":8,"column":82},"end":{"line":8,"column":99}}],"line":8},"1":{"loc":{"start":{"line":10,"column":12},"end":{"line":17,"column":13}},"type":"if","locations":[{"start":{"line":10,"column":12},"end":{"line":17,"column":13}},{"start":{"line":10,"column":12},"end":{"line":17,"column":13}}],"line":10},"2":{"loc":{"start":{"line":13,"column":16},"end":{"line":13,"column":90}},"type":"if","locations":[{"start":{"line":13,"column":16},"end":{"line":13,"column":90}},{"start":{"line":13,"column":16},"end":{"line":13,"column":90}}],"line":13},"3":{"loc":{"start":{"line":13,"column":20},"end":{"line":13,"column":52}},"type":"binary-expr","locations":[{"start":{"line":13,"column":20},"end":{"line":13,"column":36}},{"start":{"line":13,"column":40},"end":{"line":13,"column":52}}],"line":13},"4":{"loc":{"start":{"line":14,"column":16},"end":{"line":14,"column":90}},"type":"if","locations":[{"start":{"line":14,"column":16},"end":{"line":14,"column":90}},{"start":{"line":14,"column":16},"end":{"line":14,"column":90}}],"line":14},"5":{"loc":{"start":{"line":14,"column":20},"end":{"line":14,"column":53}},"type":"binary-expr","locations":[{"start":{"line":14,"column":20},"end":{"line":14,"column":37}},{"start":{"line":14,"column":41},"end":{"line":14,"column":53}}],"line":14},"6":{"loc":{"start":{"line":16,"column":36},"end":{"line":16,"column":62}},"type":"binary-expr","locations":[{"start":{"line":16,"column":36},"end":{"line":16,"column":54}},{"start":{"line":16,"column":58},"end":{"line":16,"column":62}}],"line":16},"7":{"loc":{"start":{"line":21,"column":37},"end":{"line":21,"column":54}},"type":"binary-expr","locations":[{"start":{"line":21,"column":37},"end":{"line":21,"column":48}},{"start":{"line":21,"column":52},"end":{"line":21,"column":54}}],"line":21}},"s":{"0":1,"1":2,"2":2,"3":2,"4":2,"5":1,"6":0,"7":0,"8":0,"9":0,"10":0,"11":1,"12":2},"f":{"0":2,"1":1},"b":{"0":[0,2],"1":[0,1],"2":[0,0],"3":[0,0],"4":[0,0],"5":[0,0],"6":[1,0],"7":[2,2]},"_coverageSchema":"332fd63041d2c1bcb487cc26dd0d5f7d97098a6c","hash":"287c73afa2c7a033bc49555a26a2153231dd1c9c"}
,"/home/mpasierbski/Work/vue-forminator/src/components/inputs/Email.js": {"path":"/home/mpasierbski/Work/vue-forminator/src/components/inputs/Email.js","statementMap":{},"fnMap":{},"branchMap":{},"s":{},"f":{},"b":{},"_coverageSchema":"332fd63041d2c1bcb487cc26dd0d5f7d97098a6c","hash":"b13292341aa951afd3468139368fa988d16d052a"}
,"/home/mpasierbski/Work/vue-forminator/src/components/inputs/NumberInput.js": {"path":"/home/mpasierbski/Work/vue-forminator/src/components/inputs/NumberInput.js","statementMap":{},"fnMap":{},"branchMap":{},"s":{},"f":{},"b":{},"_coverageSchema":"332fd63041d2c1bcb487cc26dd0d5f7d97098a6c","hash":"5f7913d204aa297fd5b61e75528b2268c5a40199"}
,"/home/mpasierbski/Work/vue-forminator/src/components/inputs/Radio.js": {"path":"/home/mpasierbski/Work/vue-forminator/src/components/inputs/Radio.js","statementMap":{"0":{"start":{"line":6,"column":33},"end":{"line":6,"column":38}},"1":{"start":{"line":7,"column":24},"end":{"line":7,"column":57}},"2":{"start":{"line":8,"column":25},"end":{"line":10,"column":9}},"3":{"start":{"line":9,"column":12},"end":{"line":9,"column":64}},"4":{"start":{"line":12,"column":8},"end":{"line":25,"column":12}}},"fnMap":{"0":{"name":"(anonymous_0)","decl":{"start":{"line":5,"column":12},"end":{"line":5,"column":13}},"loc":{"start":{"line":5,"column":36},"end":{"line":26,"column":5}},"line":5},"1":{"name":"(anonymous_1)","decl":{"start":{"line":8,"column":25},"end":{"line":8,"column":26}},"loc":{"start":{"line":8,"column":32},"end":{"line":10,"column":9}},"line":8}},"branchMap":{"0":{"loc":{"start":{"line":9,"column":32},"end":{"line":9,"column":63}},"type":"binary-expr","locations":[{"start":{"line":9,"column":32},"end":{"line":9,"column":48}},{"start":{"line":9,"column":52},"end":{"line":9,"column":63}}],"line":9},"1":{"loc":{"start":{"line":13,"column":37},"end":{"line":13,"column":54}},"type":"binary-expr","locations":[{"start":{"line":13,"column":37},"end":{"line":13,"column":48}},{"start":{"line":13,"column":52},"end":{"line":13,"column":54}}],"line":13}},"s":{"0":1,"1":1,"2":1,"3":0,"4":1},"f":{"0":1,"1":0},"b":{"0":[0,0],"1":[1,1]},"_coverageSchema":"332fd63041d2c1bcb487cc26dd0d5f7d97098a6c","hash":"78a20f931d434bb9dddeb09fd61182cc64fee4a6"}
,"/home/mpasierbski/Work/vue-forminator/src/components/inputs/Select.js": {"path":"/home/mpasierbski/Work/vue-forminator/src/components/inputs/Select.js","statementMap":{"0":{"start":{"line":3,"column":26},"end":{"line":11,"column":1}},"1":{"start":{"line":4,"column":4},"end":{"line":10,"column":8}},"2":{"start":{"line":9,"column":8},"end":{"line":9,"column":46}},"3":{"start":{"line":13,"column":21},"end":{"line":20,"column":1}},"4":{"start":{"line":14,"column":4},"end":{"line":19,"column":20}},"5":{"start":{"line":22,"column":15},"end":{"line":39,"column":1}},"6":{"start":{"line":25,"column":41},"end":{"line":25,"column":46}},"7":{"start":{"line":26,"column":25},"end":{"line":26,"column":42}},"8":{"start":{"line":27,"column":25},"end":{"line":27,"column":66}},"9":{"start":{"line":27,"column":32},"end":{"line":27,"column":66}},"10":{"start":{"line":29,"column":8},"end":{"line":37,"column":12}},"11":{"start":{"line":36,"column":12},"end":{"line":36,"column":106}}},"fnMap":{"0":{"name":"(anonymous_0)","decl":{"start":{"line":3,"column":26},"end":{"line":3,"column":27}},"loc":{"start":{"line":3,"column":51},"end":{"line":11,"column":1}},"line":3},"1":{"name":"(anonymous_1)","decl":{"start":{"line":8,"column":25},"end":{"line":8,"column":26}},"loc":{"start":{"line":8,"column":32},"end":{"line":10,"column":5}},"line":8},"2":{"name":"(anonymous_2)","decl":{"start":{"line":13,"column":21},"end":{"line":13,"column":22}},"loc":{"start":{"line":13,"column":46},"end":{"line":20,"column":1}},"line":13},"3":{"name":"(anonymous_3)","decl":{"start":{"line":24,"column":12},"end":{"line":24,"column":13}},"loc":{"start":{"line":24,"column":36},"end":{"line":38,"column":5}},"line":24},"4":{"name":"(anonymous_4)","decl":{"start":{"line":27,"column":25},"end":{"line":27,"column":26}},"loc":{"start":{"line":27,"column":32},"end":{"line":27,"column":66}},"line":27},"5":{"name":"(anonymous_5)","decl":{"start":{"line":35,"column":30},"end":{"line":35,"column":31}},"loc":{"start":{"line":35,"column":40},"end":{"line":37,"column":9}},"line":35}},"branchMap":{"0":{"loc":{"start":{"line":31,"column":37},"end":{"line":31,"column":54}},"type":"binary-expr","locations":[{"start":{"line":31,"column":37},"end":{"line":31,"column":48}},{"start":{"line":31,"column":52},"end":{"line":31,"column":54}}],"line":31},"1":{"loc":{"start":{"line":36,"column":20},"end":{"line":36,"column":83}},"type":"cond-expr","locations":[{"start":{"line":36,"column":51},"end":{"line":36,"column":68}},{"start":{"line":36,"column":71},"end":{"line":36,"column":83}}],"line":36}},"s":{"0":1,"1":0,"2":0,"3":1,"4":4,"5":1,"6":2,"7":2,"8":2,"9":0,"10":2,"11":4},"f":{"0":0,"1":0,"2":4,"3":2,"4":0,"5":4},"b":{"0":[2,2],"1":[0,4]},"_coverageSchema":"332fd63041d2c1bcb487cc26dd0d5f7d97098a6c","hash":"e4d991696f4e327e5614aca492be066dcf6c6779"}
,"/home/mpasierbski/Work/vue-forminator/src/components/inputs/Text.js": {"path":"/home/mpasierbski/Work/vue-forminator/src/components/inputs/Text.js","statementMap":{},"fnMap":{},"branchMap":{},"s":{},"f":{},"b":{},"_coverageSchema":"332fd63041d2c1bcb487cc26dd0d5f7d97098a6c","hash":"df2cf0bef55aaace3b1cf8000f3549ed0227a5bc"}
,"/home/mpasierbski/Work/vue-forminator/src/components/inputs/Textarea.js": {"path":"/home/mpasierbski/Work/vue-forminator/src/components/inputs/Textarea.js","statementMap":{"0":{"start":{"line":3,"column":18},"end":{"line":18,"column":1}},"1":{"start":{"line":6,"column":41},"end":{"line":6,"column":46}},"2":{"start":{"line":7,"column":25},"end":{"line":7,"column":64}},"3":{"start":{"line":7,"column":30},"end":{"line":7,"column":64}},"4":{"start":{"line":9,"column":8},"end":{"line":16,"column":12}}},"fnMap":{"0":{"name":"(anonymous_0)","decl":{"start":{"line":7,"column":25},"end":{"line":7,"column":26}},"loc":{"start":{"line":7,"column":30},"end":{"line":7,"column":64}},"line":7}},"branchMap":{"0":{"loc":{"start":{"line":10,"column":19},"end":{"line":10,"column":60}},"type":"binary-expr","locations":[{"start":{"line":10,"column":19},"end":{"line":10,"column":39}},{"start":{"line":10,"column":43},"end":{"line":10,"column":60}}],"line":10},"1":{"loc":{"start":{"line":11,"column":37},"end":{"line":11,"column":54}},"type":"binary-expr","locations":[{"start":{"line":11,"column":37},"end":{"line":11,"column":48}},{"start":{"line":11,"column":52},"end":{"line":11,"column":54}}],"line":11}},"s":{"0":1,"1":1,"2":1,"3":0,"4":1},"f":{"0":0},"b":{"0":[1,1],"1":[1,1]},"_coverageSchema":"332fd63041d2c1bcb487cc26dd0d5f7d97098a6c","hash":"02ba6c933345244a71ecbcdf06a269a359efb89a"}
}
