TN:
SF:/home/mpasierbski/Work/vue-forminator/src/Factory.js
FN:15,defaultFields
FN:35,(anonymous_1)
FN:47,Factory
FN:64,createField
FN:73,(anonymous_4)
FN:89,(anonymous_5)
FN:113,(anonymous_6)
FNF:7
FNH:7
FNDA:5,defaultFields
FNDA:4,(anonymous_1)
FNDA:5,Factory
FNDA:15,createField
FNDA:4,(anonymous_4)
FNDA:6,(anonymous_5)
FNDA:5,(anonymous_6)
DA:16,5
DA:30,1
DA:32,1
DA:35,4
DA:55,5
DA:56,5
DA:57,5
DA:58,5
DA:65,15
DA:67,15
DA:68,15
DA:70,15
DA:72,15
DA:73,2
DA:74,4
DA:80,13
DA:81,0
DA:86,13
DA:87,3
DA:90,6
DA:98,10
DA:99,10
DA:100,10
DA:106,5
DA:110,5
DA:111,5
DA:113,5
DA:114,5
LF:28
LH:27
BRDA:47,0,0,0
BRDA:49,1,0,5
BRDA:52,2,0,0
BRDA:53,3,0,5
BRDA:54,4,0,5
BRDA:61,5,0,0
BRDA:61,5,1,5
BRDA:65,6,0,0
BRDA:65,6,1,15
BRDA:68,7,0,0
BRDA:72,8,0,2
BRDA:72,8,1,13
BRDA:80,9,0,0
BRDA:80,9,1,13
BRDA:86,10,0,3
BRDA:86,10,1,10
BRDA:98,11,0,10
BRDA:98,11,1,10
BRDA:99,12,0,10
BRDA:99,12,1,0
BRF:20
BRH:13
end_of_record
TN:
SF:/home/mpasierbski/Work/vue-forminator/src/components/Column.js
FN:5,(anonymous_0)
FN:7,(anonymous_1)
FNF:2
FNH:2
FNDA:4,(anonymous_0)
FNDA:10,(anonymous_1)
DA:5,4
DA:8,10
DA:9,10
DA:11,10
LF:4
LH:4
BRDA:8,0,0,0
BRDA:9,1,0,10
BRDA:9,1,1,8
BRDA:12,2,0,10
BRDA:12,2,1,8
BRF:5
BRH:4
end_of_record
TN:
SF:/home/mpasierbski/Work/vue-forminator/src/components/Label.js
FNF:0
FNH:0
DA:10,3
DA:11,3
DA:13,3
LF:3
LH:3
BRDA:11,0,0,3
BRDA:11,0,1,2
BRDA:11,0,2,2
BRF:3
BRH:3
end_of_record
TN:
SF:/home/mpasierbski/Work/vue-forminator/src/components/Row.js
FN:5,(anonymous_0)
FN:7,(anonymous_1)
FNF:2
FNH:2
FNDA:2,(anonymous_0)
FNDA:5,(anonymous_1)
DA:5,2
DA:8,5
DA:9,5
DA:11,5
LF:4
LH:4
BRDA:9,0,0,5
BRDA:9,0,1,4
BRDA:12,1,0,5
BRDA:12,1,1,4
BRF:4
BRH:4
end_of_record
TN:
SF:/home/mpasierbski/Work/vue-forminator/src/components/helpers/CheckboxGroup.js
FN:3,CheckboxGroup
FN:9,(anonymous_1)
FN:12,(anonymous_2)
FNF:3
FNH:1
FNDA:5,CheckboxGroup
FNDA:0,(anonymous_1)
FNDA:0,(anonymous_2)
DA:4,5
DA:10,0
DA:12,0
DA:13,0
LF:4
LH:1
BRF:0
BRH:0
end_of_record
TN:
SF:/home/mpasierbski/Work/vue-forminator/src/components/helpers/Field.js
FN:3,Field
FN:6,(anonymous_1)
FNF:2
FNH:2
FNDA:11,Field
FNDA:11,(anonymous_1)
DA:4,11
DA:7,11
LF:2
LH:2
BRF:0
BRH:0
end_of_record
TN:
SF:/home/mpasierbski/Work/vue-forminator/src/components/helpers/Fieldset.js
FN:1,Fieldset
FN:14,(anonymous_1)
FNF:2
FNH:1
FNDA:1,Fieldset
FNDA:0,(anonymous_1)
DA:2,1
DA:5,4
DA:6,4
DA:8,4
DA:15,0
LF:5
LH:4
BRDA:6,0,0,2
BRF:1
BRH:1
end_of_record
TN:
SF:/home/mpasierbski/Work/vue-forminator/src/components/helpers/InputType.js
FN:3,InputType
FN:8,(anonymous_1)
FNF:2
FNH:1
FNDA:6,InputType
FNDA:0,(anonymous_1)
DA:4,6
DA:7,19
DA:8,19
DA:9,19
DA:11,19
LF:5
LH:5
BRDA:8,0,0,19
BRDA:8,0,1,19
BRDA:9,1,0,19
BRDA:9,1,1,16
BRDA:12,2,0,19
BRDA:12,2,1,16
BRDA:12,2,2,13
BRF:7
BRH:7
end_of_record
TN:
SF:/home/mpasierbski/Work/vue-forminator/src/components/helpers/LabelBefore.js
FN:3,LabelBefore
FNF:1
FNH:1
FNDA:36,LabelBefore
DA:4,36
DA:7,12
LF:2
LH:2
BRDA:8,0,0,12
BRDA:8,0,1,1
BRF:2
BRH:2
end_of_record
TN:
SF:/home/mpasierbski/Work/vue-forminator/src/components/helpers/LabelWrap.js
FN:1,LabelWrap
FNF:1
FNH:1
FNDA:25,LabelWrap
DA:2,25
DA:5,0
DA:6,0
DA:8,0
LF:4
LH:1
BRDA:6,0,0,0
BRDA:9,1,0,0
BRDA:9,1,1,0
BRF:3
BRH:0
end_of_record
TN:
SF:/home/mpasierbski/Work/vue-forminator/src/components/helpers/RadioGroup.js
FN:3,RadioGroup
FN:9,(anonymous_1)
FNF:2
FNH:1
FNDA:5,RadioGroup
FNDA:0,(anonymous_1)
DA:4,5
DA:7,0
DA:9,0
DA:10,0
LF:4
LH:1
BRF:0
BRH:0
end_of_record
TN:
SF:/home/mpasierbski/Work/vue-forminator/src/components/helpers/index.js
FNF:0
FNH:0
LF:0
LH:0
BRF:0
BRH:0
end_of_record
TN:
SF:/home/mpasierbski/Work/vue-forminator/src/components/inputs/Checkbox.js
FN:5,(anonymous_0)
FN:10,(anonymous_1)
FNF:2
FNH:2
FNDA:4,(anonymous_0)
FNDA:1,(anonymous_1)
DA:3,2
DA:6,4
DA:7,4
DA:8,4
DA:9,4
DA:10,4
DA:11,1
DA:12,0
DA:14,0
DA:15,0
DA:17,1
DA:21,4
LF:12
LH:9
BRDA:7,0,0,4
BRDA:7,0,1,3
BRDA:9,1,0,0
BRDA:9,1,1,4
BRDA:11,2,0,0
BRDA:11,2,1,1
BRDA:14,3,0,0
BRDA:14,3,1,0
BRDA:14,4,0,0
BRDA:14,4,1,0
BRDA:15,5,0,0
BRDA:15,5,1,0
BRDA:15,6,0,0
BRDA:15,6,1,0
BRDA:17,7,0,1
BRDA:17,7,1,0
BRDA:22,8,0,4
BRDA:22,8,1,3
BRDA:23,9,0,4
BRDA:23,9,1,3
BRF:20
BRH:9
end_of_record
TN:
SF:/home/mpasierbski/Work/vue-forminator/src/components/inputs/Email.js
FNF:0
FNH:0
LF:0
LH:0
BRF:0
BRH:0
end_of_record
TN:
SF:/home/mpasierbski/Work/vue-forminator/src/components/inputs/NumberInput.js
FNF:0
FNH:0
LF:0
LH:0
BRF:0
BRH:0
end_of_record
TN:
SF:/home/mpasierbski/Work/vue-forminator/src/components/inputs/Radio.js
FN:5,(anonymous_0)
FN:9,(anonymous_1)
FNF:2
FNH:2
FNDA:3,(anonymous_0)
FNDA:2,(anonymous_1)
DA:6,3
DA:7,3
DA:8,3
DA:9,3
DA:10,2
DA:13,3
LF:6
LH:6
BRDA:8,0,0,2
BRDA:10,1,0,2
BRDA:10,1,1,2
BRDA:14,2,0,3
BRDA:14,2,1,2
BRDA:15,3,0,3
BRDA:15,3,1,0
BRF:7
BRH:6
end_of_record
TN:
SF:/home/mpasierbski/Work/vue-forminator/src/components/inputs/Select.js
FN:3,(anonymous_0)
FN:8,(anonymous_1)
FN:13,(anonymous_2)
FN:24,(anonymous_3)
FN:28,(anonymous_4)
FN:36,(anonymous_5)
FNF:6
FNH:3
FNDA:0,(anonymous_0)
FNDA:0,(anonymous_1)
FNDA:8,(anonymous_2)
FNDA:4,(anonymous_3)
FNDA:0,(anonymous_4)
FNDA:8,(anonymous_5)
DA:3,2
DA:4,0
DA:9,0
DA:13,2
DA:14,8
DA:22,2
DA:25,4
DA:26,4
DA:27,4
DA:28,4
DA:30,4
DA:37,8
LF:12
LH:10
BRDA:26,0,0,4
BRDA:26,0,1,3
BRDA:31,1,0,4
BRDA:31,1,1,3
BRDA:32,2,0,4
BRDA:32,2,1,0
BRDA:37,3,0,0
BRDA:37,3,1,8
BRF:8
BRH:6
end_of_record
TN:
SF:/home/mpasierbski/Work/vue-forminator/src/components/inputs/Text.js
FNF:0
FNH:0
LF:0
LH:0
BRF:0
BRH:0
end_of_record
TN:
SF:/home/mpasierbski/Work/vue-forminator/src/components/inputs/Textarea.js
FN:7,(anonymous_0)
FNF:1
FNH:0
FNDA:0,(anonymous_0)
DA:3,2
DA:6,2
DA:7,2
DA:8,2
DA:10,2
LF:5
LH:5
BRDA:8,0,0,2
BRDA:8,0,1,1
BRDA:11,1,0,2
BRDA:11,1,1,1
BRDA:11,1,2,1
BRDA:12,2,0,2
BRDA:12,2,1,0
BRF:7
BRH:6
end_of_record
TN:
SF:/home/mpasierbski/Work/vue-forminator/src/components/inputs/index.js
FNF:0
FNH:0
LF:0
LH:0
BRF:0
BRH:0
end_of_record
