TN:
SF:/home/mpasierbski/Work/vue-forminator/src/components/helpers/InputType.js
FN:3,InputType
FN:9,(anonymous_1)
FNF:2
FNH:1
FNDA:3,InputType
FNDA:0,(anonymous_1)
DA:4,3
DA:7,3
DA:8,3
DA:9,3
DA:11,3
LF:5
LH:5
BRDA:8,0,0,3
BRDA:8,0,1,3
BRDA:9,1,0,3
BRDA:9,1,1,3
BRDA:13,2,0,3
BRDA:13,2,1,3
BRF:6
BRH:6
end_of_record
TN:
SF:/home/mpasierbski/Work/vue-forminator/src/components/inputs/Checkbox.js
FN:5,(anonymous_0)
FN:9,(anonymous_1)
FNF:2
FNH:2
FNDA:2,(anonymous_0)
FNDA:1,(anonymous_1)
DA:3,1
DA:6,2
DA:7,2
DA:8,2
DA:9,2
DA:10,1
DA:11,0
DA:13,0
DA:14,0
DA:16,1
DA:20,2
LF:11
LH:8
BRDA:8,0,0,0
BRDA:8,0,1,2
BRDA:10,1,0,0
BRDA:10,1,1,1
BRDA:13,2,0,0
BRDA:13,2,1,0
BRDA:13,3,0,0
BRDA:13,3,1,0
BRDA:14,4,0,0
BRDA:14,4,1,0
BRDA:14,5,0,0
BRDA:14,5,1,0
BRDA:16,6,0,1
BRDA:16,6,1,0
BRDA:21,7,0,2
BRDA:21,7,1,2
BRF:16
BRH:5
end_of_record
TN:
SF:/home/mpasierbski/Work/vue-forminator/src/components/inputs/Email.js
FNF:0
FNH:0
LF:0
LH:0
BRF:0
BRH:0
end_of_record
TN:
SF:/home/mpasierbski/Work/vue-forminator/src/components/inputs/NumberInput.js
FNF:0
FNH:0
LF:0
LH:0
BRF:0
BRH:0
end_of_record
TN:
SF:/home/mpasierbski/Work/vue-forminator/src/components/inputs/Radio.js
FN:5,(anonymous_0)
FN:8,(anonymous_1)
FNF:2
FNH:1
FNDA:1,(anonymous_0)
FNDA:0,(anonymous_1)
DA:6,1
DA:7,1
DA:8,1
DA:9,0
DA:12,1
LF:5
LH:4
BRDA:9,0,0,0
BRDA:9,0,1,0
BRDA:13,1,0,1
BRDA:13,1,1,1
BRF:4
BRH:2
end_of_record
TN:
SF:/home/mpasierbski/Work/vue-forminator/src/components/inputs/Select.js
FN:3,(anonymous_0)
FN:8,(anonymous_1)
FN:13,(anonymous_2)
FN:24,(anonymous_3)
FN:27,(anonymous_4)
FN:35,(anonymous_5)
FNF:6
FNH:3
FNDA:0,(anonymous_0)
FNDA:0,(anonymous_1)
FNDA:4,(anonymous_2)
FNDA:2,(anonymous_3)
FNDA:0,(anonymous_4)
FNDA:4,(anonymous_5)
DA:3,1
DA:4,0
DA:9,0
DA:13,1
DA:14,4
DA:22,1
DA:25,2
DA:26,2
DA:27,2
DA:29,2
DA:36,4
LF:11
LH:9
BRDA:31,0,0,2
BRDA:31,0,1,2
BRDA:36,1,0,0
BRDA:36,1,1,4
BRF:4
BRH:3
end_of_record
TN:
SF:/home/mpasierbski/Work/vue-forminator/src/components/inputs/Text.js
FNF:0
FNH:0
LF:0
LH:0
BRF:0
BRH:0
end_of_record
TN:
SF:/home/mpasierbski/Work/vue-forminator/src/components/inputs/Textarea.js
FN:7,(anonymous_0)
FNF:1
FNH:0
FNDA:0,(anonymous_0)
DA:3,1
DA:6,1
DA:7,1
DA:9,1
LF:4
LH:4
BRDA:10,0,0,1
BRDA:10,0,1,1
BRDA:11,1,0,1
BRDA:11,1,1,1
BRF:4
BRH:4
end_of_record
